c:\users\leandro\source\repos\roguelike\roguelike_ascii_game\debug\vc141.pdb
c:\users\leandro\source\repos\roguelike\roguelike_ascii_game\debug\vc141.idb
c:\users\leandro\source\repos\roguelike\roguelike_ascii_game\debug\room.obj
c:\users\leandro\source\repos\roguelike\roguelike_ascii_game\debug\position.obj
c:\users\leandro\source\repos\roguelike\roguelike_ascii_game\debug\player.obj
c:\users\leandro\source\repos\roguelike\roguelike_ascii_game\debug\objecthandler.obj
c:\users\leandro\source\repos\roguelike\roguelike_ascii_game\debug\map.obj
c:\users\leandro\source\repos\roguelike\roguelike_ascii_game\debug\entity.obj
c:\users\leandro\source\repos\roguelike\roguelike_ascii_game\debug\enemy.obj
c:\users\leandro\source\repos\roguelike\roguelike_ascii_game\debug\drawable.obj
c:\users\leandro\source\repos\roguelike\roguelike_ascii_game\debug\debug.obj
c:\users\leandro\source\repos\roguelike\roguelike_ascii_game\debug\main.obj
c:\users\leandro\source\repos\roguelike\roguelike_ascii_game\debug\level.obj
c:\users\leandro\source\repos\roguelike\roguelike_ascii_game\debug\game.obj
c:\users\leandro\source\repos\roguelike\roguelike_ascii_game\debug\canvas.obj
c:\users\leandro\source\repos\roguelike\debug\roguelike_ascii_game.exe
c:\users\leandro\source\repos\roguelike\debug\roguelike_ascii_game.ilk
c:\users\leandro\source\repos\roguelike\debug\roguelike_ascii_game.pdb
c:\users\leandro\source\repos\roguelike\roguelike_ascii_game\debug\roguelik.3ff35886.tlog\cl.command.1.tlog
c:\users\leandro\source\repos\roguelike\roguelike_ascii_game\debug\roguelik.3ff35886.tlog\cl.read.1.tlog
c:\users\leandro\source\repos\roguelike\roguelike_ascii_game\debug\roguelik.3ff35886.tlog\cl.write.1.tlog
c:\users\leandro\source\repos\roguelike\roguelike_ascii_game\debug\roguelik.3ff35886.tlog\link.command.1.tlog
c:\users\leandro\source\repos\roguelike\roguelike_ascii_game\debug\roguelik.3ff35886.tlog\link.read.1.tlog
c:\users\leandro\source\repos\roguelike\roguelike_ascii_game\debug\roguelik.3ff35886.tlog\link.write.1.tlog
